{"C:\\Learning\\mav3rik\\Covid_checkin_app\\database.js": {"path":"C:\\Learning\\mav3rik\\Covid_checkin_app\\database.js","statementMap":{"0":{"start":{"line":1,"column":0},"end":{"line":1,"column":27}},"1":{"start":{"line":4,"column":12},"end":{"line":4,"column":35}},"2":{"start":{"line":7,"column":11},"end":{"line":10,"column":1}},"3":{"start":{"line":14,"column":11},"end":{"line":14,"column":18}},"4":{"start":{"line":17,"column":0},"end":{"line":17,"column":20}}},"fnMap":{},"branchMap":{"0":{"loc":{"start":{"line":8,"column":18},"end":{"line":8,"column":214}},"type":"cond-expr","locations":[{"start":{"line":8,"column":58},"end":{"line":8,"column":82}},{"start":{"line":8,"column":85},"end":{"line":8,"column":214}}],"line":8},"1":{"loc":{"start":{"line":9,"column":5},"end":{"line":9,"column":80}},"type":"cond-expr","locations":[{"start":{"line":9,"column":45},"end":{"line":9,"column":72}},{"start":{"line":9,"column":75},"end":{"line":9,"column":80}}],"line":9}},"s":{"0":3,"1":3,"2":3,"3":3,"4":3},"f":{},"b":{"0":[0,3],"1":[0,3]},"_coverageSchema":"1a1c01bbd47fc00a2c39e90264f33305004495a9","hash":"d957718a652ea117094ea5696d6b4255d027a578"}
,"C:\\Learning\\mav3rik\\Covid_checkin_app\\db.functions.js": {"path":"C:\\Learning\\mav3rik\\Covid_checkin_app\\db.functions.js","statementMap":{"0":{"start":{"line":2,"column":11},"end":{"line":2,"column":32}},"1":{"start":{"line":3,"column":15},"end":{"line":3,"column":39}},"2":{"start":{"line":4,"column":11},"end":{"line":4,"column":34}},"3":{"start":{"line":7,"column":16},"end":{"line":9,"column":1}},"4":{"start":{"line":19,"column":2},"end":{"line":22,"column":52}},"5":{"start":{"line":20,"column":4},"end":{"line":20,"column":46}},"6":{"start":{"line":21,"column":4},"end":{"line":21,"column":87}},"7":{"start":{"line":26,"column":2},"end":{"line":66,"column":3}},"8":{"start":{"line":28,"column":4},"end":{"line":31,"column":54}},"9":{"start":{"line":29,"column":6},"end":{"line":29,"column":57}},"10":{"start":{"line":30,"column":6},"end":{"line":30,"column":87}},"11":{"start":{"line":35,"column":4},"end":{"line":64,"column":5}},"12":{"start":{"line":37,"column":6},"end":{"line":62,"column":38}},"13":{"start":{"line":41,"column":8},"end":{"line":41,"column":76}},"14":{"start":{"line":43,"column":23},"end":{"line":43,"column":98}},"15":{"start":{"line":46,"column":8},"end":{"line":58,"column":9}},"16":{"start":{"line":48,"column":10},"end":{"line":50,"column":114}},"17":{"start":{"line":49,"column":12},"end":{"line":49,"column":55}},"18":{"start":{"line":53,"column":15},"end":{"line":58,"column":9}},"19":{"start":{"line":54,"column":10},"end":{"line":54,"column":22}},"20":{"start":{"line":56,"column":15},"end":{"line":58,"column":9}},"21":{"start":{"line":57,"column":10},"end":{"line":57,"column":94}},"22":{"start":{"line":61,"column":24},"end":{"line":61,"column":44}},"23":{"start":{"line":62,"column":21},"end":{"line":62,"column":36}},"24":{"start":{"line":73,"column":23},"end":{"line":73,"column":64}},"25":{"start":{"line":74,"column":2},"end":{"line":74,"column":34}},"26":{"start":{"line":80,"column":2},"end":{"line":93,"column":3}},"27":{"start":{"line":83,"column":20},"end":{"line":83,"column":35}},"28":{"start":{"line":85,"column":24},"end":{"line":85,"column":83}},"29":{"start":{"line":86,"column":18},"end":{"line":86,"column":53}},"30":{"start":{"line":88,"column":4},"end":{"line":88,"column":32}},"31":{"start":{"line":92,"column":4},"end":{"line":92,"column":16}},"32":{"start":{"line":100,"column":2},"end":{"line":106,"column":3}},"33":{"start":{"line":101,"column":4},"end":{"line":101,"column":63}},"34":{"start":{"line":102,"column":9},"end":{"line":106,"column":3}},"35":{"start":{"line":103,"column":4},"end":{"line":103,"column":51}},"36":{"start":{"line":105,"column":4},"end":{"line":105,"column":53}},"37":{"start":{"line":110,"column":18},"end":{"line":124,"column":1}},"38":{"start":{"line":111,"column":2},"end":{"line":123,"column":36}},"39":{"start":{"line":115,"column":3},"end":{"line":115,"column":89}},"40":{"start":{"line":118,"column":26},"end":{"line":118,"column":93}},"41":{"start":{"line":118,"column":45},"end":{"line":118,"column":91}},"42":{"start":{"line":119,"column":6},"end":{"line":119,"column":33}},"43":{"start":{"line":122,"column":20},"end":{"line":122,"column":40}},"44":{"start":{"line":123,"column":19},"end":{"line":123,"column":34}},"45":{"start":{"line":127,"column":0},"end":{"line":133,"column":1}}},"fnMap":{"0":{"name":"addUser","decl":{"start":{"line":12,"column":9},"end":{"line":12,"column":16}},"loc":{"start":{"line":12,"column":19},"end":{"line":68,"column":1}},"line":12},"1":{"name":"(anonymous_1)","decl":{"start":{"line":38,"column":12},"end":{"line":38,"column":13}},"loc":{"start":{"line":38,"column":18},"end":{"line":60,"column":7}},"line":38},"2":{"name":"(anonymous_2)","decl":{"start":{"line":61,"column":13},"end":{"line":61,"column":14}},"loc":{"start":{"line":61,"column":24},"end":{"line":61,"column":44}},"line":61},"3":{"name":"(anonymous_3)","decl":{"start":{"line":62,"column":15},"end":{"line":62,"column":16}},"loc":{"start":{"line":62,"column":21},"end":{"line":62,"column":36}},"line":62},"4":{"name":"isNameValid","decl":{"start":{"line":72,"column":9},"end":{"line":72,"column":20}},"loc":{"start":{"line":72,"column":27},"end":{"line":75,"column":1}},"line":72},"5":{"name":"isDateValid","decl":{"start":{"line":77,"column":9},"end":{"line":77,"column":20}},"loc":{"start":{"line":77,"column":27},"end":{"line":95,"column":1}},"line":77},"6":{"name":"isInputValid","decl":{"start":{"line":98,"column":9},"end":{"line":98,"column":21}},"loc":{"start":{"line":98,"column":61},"end":{"line":107,"column":1}},"line":98},"7":{"name":"(anonymous_7)","decl":{"start":{"line":110,"column":18},"end":{"line":110,"column":19}},"loc":{"start":{"line":110,"column":24},"end":{"line":124,"column":1}},"line":110},"8":{"name":"(anonymous_8)","decl":{"start":{"line":112,"column":8},"end":{"line":112,"column":9}},"loc":{"start":{"line":112,"column":17},"end":{"line":121,"column":3}},"line":112},"9":{"name":"(anonymous_9)","decl":{"start":{"line":118,"column":36},"end":{"line":118,"column":37}},"loc":{"start":{"line":118,"column":45},"end":{"line":118,"column":91}},"line":118},"10":{"name":"(anonymous_10)","decl":{"start":{"line":122,"column":9},"end":{"line":122,"column":10}},"loc":{"start":{"line":122,"column":20},"end":{"line":122,"column":40}},"line":122},"11":{"name":"(anonymous_11)","decl":{"start":{"line":123,"column":13},"end":{"line":123,"column":14}},"loc":{"start":{"line":123,"column":19},"end":{"line":123,"column":34}},"line":123}},"branchMap":{"0":{"loc":{"start":{"line":22,"column":11},"end":{"line":22,"column":50}},"type":"binary-expr","locations":[{"start":{"line":22,"column":11},"end":{"line":22,"column":29}},{"start":{"line":22,"column":34},"end":{"line":22,"column":49}}],"line":22},"1":{"loc":{"start":{"line":26,"column":2},"end":{"line":66,"column":3}},"type":"if","locations":[{"start":{"line":26,"column":2},"end":{"line":66,"column":3}},{"start":{},"end":{}}],"line":26},"2":{"loc":{"start":{"line":26,"column":6},"end":{"line":26,"column":44}},"type":"binary-expr","locations":[{"start":{"line":26,"column":6},"end":{"line":26,"column":23}},{"start":{"line":26,"column":28},"end":{"line":26,"column":43}}],"line":26},"3":{"loc":{"start":{"line":31,"column":13},"end":{"line":31,"column":52}},"type":"binary-expr","locations":[{"start":{"line":31,"column":13},"end":{"line":31,"column":31}},{"start":{"line":31,"column":36},"end":{"line":31,"column":51}}],"line":31},"4":{"loc":{"start":{"line":35,"column":4},"end":{"line":64,"column":5}},"type":"if","locations":[{"start":{"line":35,"column":4},"end":{"line":64,"column":5}},{"start":{},"end":{}}],"line":35},"5":{"loc":{"start":{"line":35,"column":8},"end":{"line":35,"column":46}},"type":"binary-expr","locations":[{"start":{"line":35,"column":8},"end":{"line":35,"column":25}},{"start":{"line":35,"column":29},"end":{"line":35,"column":46}}],"line":35},"6":{"loc":{"start":{"line":46,"column":8},"end":{"line":58,"column":9}},"type":"if","locations":[{"start":{"line":46,"column":8},"end":{"line":58,"column":9}},{"start":{"line":53,"column":15},"end":{"line":58,"column":9}}],"line":46},"7":{"loc":{"start":{"line":46,"column":12},"end":{"line":46,"column":115}},"type":"binary-expr","locations":[{"start":{"line":46,"column":12},"end":{"line":46,"column":21}},{"start":{"line":46,"column":25},"end":{"line":46,"column":33}},{"start":{"line":46,"column":37},"end":{"line":46,"column":74}},{"start":{"line":46,"column":78},"end":{"line":46,"column":115}}],"line":46},"8":{"loc":{"start":{"line":50,"column":19},"end":{"line":50,"column":112}},"type":"binary-expr","locations":[{"start":{"line":50,"column":19},"end":{"line":50,"column":28}},{"start":{"line":50,"column":33},"end":{"line":50,"column":70}},{"start":{"line":50,"column":74},"end":{"line":50,"column":111}}],"line":50},"9":{"loc":{"start":{"line":53,"column":15},"end":{"line":58,"column":9}},"type":"if","locations":[{"start":{"line":53,"column":15},"end":{"line":58,"column":9}},{"start":{"line":56,"column":15},"end":{"line":58,"column":9}}],"line":53},"10":{"loc":{"start":{"line":53,"column":19},"end":{"line":53,"column":68}},"type":"binary-expr","locations":[{"start":{"line":53,"column":19},"end":{"line":53,"column":27}},{"start":{"line":53,"column":31},"end":{"line":53,"column":68}}],"line":53},"11":{"loc":{"start":{"line":56,"column":15},"end":{"line":58,"column":9}},"type":"if","locations":[{"start":{"line":56,"column":15},"end":{"line":58,"column":9}},{"start":{},"end":{}}],"line":56},"12":{"loc":{"start":{"line":56,"column":19},"end":{"line":56,"column":68}},"type":"binary-expr","locations":[{"start":{"line":56,"column":19},"end":{"line":56,"column":27}},{"start":{"line":56,"column":31},"end":{"line":56,"column":68}}],"line":56},"13":{"loc":{"start":{"line":80,"column":2},"end":{"line":93,"column":3}},"type":"if","locations":[{"start":{"line":80,"column":2},"end":{"line":93,"column":3}},{"start":{"line":90,"column":9},"end":{"line":93,"column":3}}],"line":80},"14":{"loc":{"start":{"line":100,"column":2},"end":{"line":106,"column":3}},"type":"if","locations":[{"start":{"line":100,"column":2},"end":{"line":106,"column":3}},{"start":{"line":102,"column":9},"end":{"line":106,"column":3}}],"line":100},"15":{"loc":{"start":{"line":102,"column":9},"end":{"line":106,"column":3}},"type":"if","locations":[{"start":{"line":102,"column":9},"end":{"line":106,"column":3}},{"start":{"line":104,"column":9},"end":{"line":106,"column":3}}],"line":102}},"s":{"0":3,"1":3,"2":3,"3":3,"4":0,"5":0,"6":0,"7":0,"8":0,"9":0,"10":0,"11":0,"12":0,"13":0,"14":0,"15":0,"16":0,"17":0,"18":0,"19":0,"20":0,"21":0,"22":0,"23":0,"24":4,"25":4,"26":7,"27":5,"28":5,"29":5,"30":5,"31":2,"32":6,"33":2,"34":4,"35":2,"36":2,"37":3,"38":0,"39":0,"40":0,"41":0,"42":0,"43":0,"44":0,"45":3},"f":{"0":0,"1":0,"2":0,"3":0,"4":4,"5":7,"6":6,"7":0,"8":0,"9":0,"10":0,"11":0},"b":{"0":[0,0],"1":[0,0],"2":[0,0],"3":[0,0],"4":[0,0],"5":[0,0],"6":[0,0],"7":[0,0,0,0],"8":[0,0,0],"9":[0,0],"10":[0,0],"11":[0,0],"12":[0,0],"13":[5,2],"14":[2,4],"15":[2,2]},"_coverageSchema":"1a1c01bbd47fc00a2c39e90264f33305004495a9","hash":"9232b96c3c91c11f56282682896f4385720dc0c2"}
}
