TN:
SF:database.js
FNF:0
FNH:0
DA:1,3
DA:4,3
DA:7,3
DA:14,3
DA:17,3
LF:5
LH:5
BRDA:8,0,0,0
BRDA:8,0,1,3
BRDA:9,1,0,0
BRDA:9,1,1,3
BRF:4
BRH:2
end_of_record
TN:
SF:db.functions.js
FN:12,addUser
FN:38,(anonymous_1)
FN:61,(anonymous_2)
FN:70,isNameValid
FN:75,isDateValid
FN:96,isInputValid
FN:108,(anonymous_6)
FN:110,(anonymous_7)
FN:116,(anonymous_8)
FN:120,(anonymous_9)
FN:121,(anonymous_10)
FNF:11
FNH:3
FNDA:0,addUser
FNDA:0,(anonymous_1)
FNDA:0,(anonymous_2)
FNDA:4,isNameValid
FNDA:7,isDateValid
FNDA:6,isInputValid
FNDA:0,(anonymous_6)
FNDA:0,(anonymous_7)
FNDA:0,(anonymous_8)
FNDA:0,(anonymous_9)
FNDA:0,(anonymous_10)
DA:2,3
DA:3,3
DA:4,3
DA:7,3
DA:19,0
DA:20,0
DA:21,0
DA:26,0
DA:28,0
DA:29,0
DA:30,0
DA:35,0
DA:37,0
DA:41,0
DA:43,0
DA:46,0
DA:48,0
DA:49,0
DA:53,0
DA:54,0
DA:56,0
DA:57,0
DA:61,0
DA:71,4
DA:72,4
DA:78,7
DA:81,5
DA:83,5
DA:84,5
DA:86,5
DA:90,2
DA:98,6
DA:99,2
DA:100,4
DA:101,2
DA:103,2
DA:108,3
DA:109,0
DA:113,0
DA:116,0
DA:117,0
DA:120,0
DA:121,0
DA:125,3
LF:44
LH:19
BRDA:22,0,0,0
BRDA:22,0,1,0
BRDA:26,1,0,0
BRDA:26,1,1,0
BRDA:26,2,0,0
BRDA:26,2,1,0
BRDA:31,3,0,0
BRDA:31,3,1,0
BRDA:35,4,0,0
BRDA:35,4,1,0
BRDA:35,5,0,0
BRDA:35,5,1,0
BRDA:46,6,0,0
BRDA:46,6,1,0
BRDA:46,7,0,0
BRDA:46,7,1,0
BRDA:46,7,2,0
BRDA:46,7,3,0
BRDA:50,8,0,0
BRDA:50,8,1,0
BRDA:50,8,2,0
BRDA:53,9,0,0
BRDA:53,9,1,0
BRDA:53,10,0,0
BRDA:53,10,1,0
BRDA:56,11,0,0
BRDA:56,11,1,0
BRDA:56,12,0,0
BRDA:56,12,1,0
BRDA:78,13,0,5
BRDA:78,13,1,2
BRDA:98,14,0,2
BRDA:98,14,1,4
BRDA:100,15,0,2
BRDA:100,15,1,2
BRF:35
BRH:6
end_of_record
